<?xml version="1.0" encoding="UTF-8"?>
<!-- Generated by org.testng.reporters.JUnitReportReporter -->
<testsuite hostname="DESKTOP-42VQLMD" failures="0" tests="1" name="com.assessment.Comprehensive.MyBooking" time="46.845" errors="0" timestamp="2023-10-31T14:59:53 IST" skipped="0">
  <testcase classname="com.assessment.Comprehensive.MyBooking" name="flightBooking" time="46.845"/>
  <system-out/>
</testsuite> <!-- com.assessment.Comprehensive.MyBooking -->
