<?xml version="1.0" encoding="UTF-8"?>
<!-- Generated by org.testng.reporters.JUnitReportReporter -->
<testsuite hostname="DESKTOP-CKEME0T" failures="0" tests="1" name="Maven.MakeMyTrip" time="81.507" errors="0" timestamp="2024-05-19T14:26:34 IST" skipped="0">
  <testcase classname="Maven.MakeMyTrip" name="bookingfights" time="81.507"/>
  <system-out/>
</testsuite> <!-- Maven.MakeMyTrip -->
