<?xml version="1.0" encoding="UTF-8"?>
<!-- Generated by org.testng.reporters.JUnitReportReporter -->
<testsuite hostname="DESKTOP-CKEME0T" failures="0" tests="1" name="Maven.ReadExcelData" time="1.604" errors="0" timestamp="2024-05-19T14:26:34 IST" skipped="0">
  <testcase classname="Maven.ReadExcelData" name="Data" time="1.604"/>
  <system-out/>
</testsuite> <!-- Maven.ReadExcelData -->
