<?xml version="1.0" encoding="UTF-8"?>
<!-- Generated by org.testng.reporters.JUnitReportReporter -->
<testsuite hostname="DESKTOP-CKEME0T" failures="0" tests="1" name="SDET_TestNG.MakeMyTrip" time="52.964" errors="0" timestamp="2024-05-19T00:17:50 IST" skipped="0">
  <testcase classname="SDET_TestNG.MakeMyTrip" name="bookingFlights" time="52.964"/>
</testsuite> <!-- SDET_TestNG.MakeMyTrip -->
